<?xml version="1.0" encoding="UTF-8"?>
<!-- Generated by org.testng.reporters.JUnitXMLReporter -->
<testsuite ignored="0" hostname="Lenovo-KunalPC" failures="0" tests="4" name="ChromeTest_HRM" time="0.194" errors="0" timestamp="2025-08-17T15:39:00 IST">
  <testcase classname="common.BaseSetup" name="@BeforeMethod beforeMethod" time="0.004">
    <failure type="java.lang.NullPointerException" message="Cannot invoke &amp;quot;com.aventstack.extentreports.ExtentReports.createTest(String)&amp;quot; because &amp;quot;this.extentReports&amp;quot; is null">
      <![CDATA[java.lang.NullPointerException: Cannot invoke "com.aventstack.extentreports.ExtentReports.createTest(String)" because "this.extentReports" is null
at common.BaseSetup.beforeMethod(BaseSetup.java:61)
at java.base/java.util.ArrayList.forEach(ArrayList.java:1596)
at java.base/java.util.concurrent.FutureTask.run(FutureTask.java:317)
at java.base/java.util.concurrent.ThreadPoolExecutor.runWorker(ThreadPoolExecutor.java:1144)
at java.base/java.util.concurrent.ThreadPoolExecutor$Worker.run(ThreadPoolExecutor.java:642)
at java.base/java.lang.Thread.run(Thread.java:1583)
... Removed 19 stack frames]]>
    </failure>
  </testcase> <!-- @BeforeMethod beforeMethod -->
  <testcase classname="common.BaseSetup" name="@BeforeMethod beforeMethod" time="0.0">
    <skipped/>
  </testcase> <!-- @BeforeMethod beforeMethod -->
  <testcase classname="common.BaseSetup" name="@BeforeMethod beforeMethod" time="0.0">
    <skipped/>
  </testcase> <!-- @BeforeMethod beforeMethod -->
  <testcase classname="common.BaseSetup" name="@BeforeMethod beforeMethod" time="0.0">
    <skipped/>
  </testcase> <!-- @BeforeMethod beforeMethod -->
  <testcase classname="tests.PIMTest" name="verifyAddEmployee" time="0.0">
    <skipped/>
  </testcase> <!-- verifyAddEmployee -->
  <testcase classname="tests.PIMTest" name="verifySearchEmployee" time="0.0">
    <skipped/>
  </testcase> <!-- verifySearchEmployee -->
  <testcase classname="tests.PIMTest" name="verifyEditEmployee" time="0.0">
    <skipped/>
  </testcase> <!-- verifyEditEmployee -->
  <testcase classname="tests.PIMTest" name="verifyDeleteEmployee" time="0.0">
    <skipped/>
  </testcase> <!-- verifyDeleteEmployee -->
</testsuite> <!-- ChromeTest_HRM -->
