<?xml version="1.0" encoding="UTF-8"?>
<!-- Generated by org.testng.reporters.JUnitReportReporter -->
<testsuite hostname="Lenovo-KunalPC" failures="0" tests="4" name="tests.AdminTest" time="50.652" errors="3" timestamp="2025-08-17T15:39:52 IST" skipped="0">
  <testcase classname="tests.AdminTest" name="verifyAddUserFunUnderAdmin" time="16.253">
    <error message="Expected condition failed: waiting for visibility of all elements located by By.xpath: //input[@placeholder=&#039;Type for hints...&#039;]//following::i (tried for 10 second(s) with 500 milliseconds interval)
Build info: version: &#039;4.25.0&#039;, revision: &#039;8a8aea2337&#039;
System info: os.name: &#039;Windows 10&#039;, os.arch: &#039;amd64&#039;, os.version: &#039;10.0&#039;, java.version: &#039;21.0.7&#039;
Driver info: org.openqa.selenium.chrome.ChromeDriver
Capabilities {acceptInsecureCerts: false, browserName: chrome, browserVersion: 137.0.7151.120, chrome: {chromedriverVersion: 137.0.7151.119 (e0ac9d12dff..., userDataDir: C:\Users\kunal\AppData\Loca...}, fedcm:accounts: true, goog:chromeOptions: {debuggerAddress: localhost:53985}, networkConnectionEnabled: false, pageLoadStrategy: normal, platformName: windows, proxy: Proxy(), se:cdp: ws://localhost:53985/devtoo..., se:cdpVersion: 137.0.7151.120, setWindowRect: true, strictFileInteractability: false, timeouts: {implicit: 0, pageLoad: 300000, script: 30000}, unhandledPromptBehavior: dismiss and notify, webauthn:extension:credBlob: true, webauthn:extension:largeBlob: true, webauthn:extension:minPinLength: true, webauthn:extension:prf: true, webauthn:virtualAuthenticators: true}
Session ID: 957e46d825369aa3a9109a320f1541a3" type="org.openqa.selenium.TimeoutException">
      <![CDATA[org.openqa.selenium.TimeoutException: Expected condition failed: waiting for visibility of all elements located by By.xpath: //input[@placeholder='Type for hints...']//following::i (tried for 10 second(s) with 500 milliseconds interval)
Build info: version: '4.25.0', revision: '8a8aea2337'
System info: os.name: 'Windows 10', os.arch: 'amd64', os.version: '10.0', java.version: '21.0.7'
Driver info: org.openqa.selenium.chrome.ChromeDriver
Capabilities {acceptInsecureCerts: false, browserName: chrome, browserVersion: 137.0.7151.120, chrome: {chromedriverVersion: 137.0.7151.119 (e0ac9d12dff..., userDataDir: C:\Users\kunal\AppData\Loca...}, fedcm:accounts: true, goog:chromeOptions: {debuggerAddress: localhost:53985}, networkConnectionEnabled: false, pageLoadStrategy: normal, platformName: windows, proxy: Proxy(), se:cdp: ws://localhost:53985/devtoo..., se:cdpVersion: 137.0.7151.120, setWindowRect: true, strictFileInteractability: false, timeouts: {implicit: 0, pageLoad: 300000, script: 30000}, unhandledPromptBehavior: dismiss and notify, webauthn:extension:credBlob: true, webauthn:extension:largeBlob: true, webauthn:extension:minPinLength: true, webauthn:extension:prf: true, webauthn:virtualAuthenticators: true}
Session ID: 957e46d825369aa3a9109a320f1541a3
at org.openqa.selenium.support.ui.WebDriverWait.timeoutException(WebDriverWait.java:84)
at org.openqa.selenium.support.ui.FluentWait.until(FluentWait.java:228)
at common.Sync.safeExplicitWait(Sync.java:41)
at pages.AdminPage.selectEmployeeName(AdminPage.java:62)
at tests.AdminTest.verifyAddUserFunUnderAdmin(AdminTest.java:20)
at java.base/jdk.internal.reflect.DirectMethodHandleAccessor.invoke(DirectMethodHandleAccessor.java:103)
at java.base/java.lang.reflect.Method.invoke(Method.java:580)
at org.testng.internal.invokers.MethodInvocationHelper.invokeMethod(MethodInvocationHelper.java:141)
at org.testng.internal.invokers.TestInvoker.invokeMethod(TestInvoker.java:686)
at org.testng.internal.invokers.TestInvoker.invokeTestMethod(TestInvoker.java:230)
at org.testng.internal.invokers.MethodRunner.runInSequence(MethodRunner.java:63)
at org.testng.internal.invokers.TestInvoker$MethodInvocationAgent.invoke(TestInvoker.java:992)
at org.testng.internal.invokers.TestInvoker.invokeTestMethods(TestInvoker.java:203)
at org.testng.internal.invokers.TestMethodWorker.invokeTestMethods(TestMethodWorker.java:154)
at org.testng.internal.invokers.TestMethodWorker.run(TestMethodWorker.java:134)
at java.base/java.util.ArrayList.forEach(ArrayList.java:1596)
at org.testng.TestRunner.privateRun(TestRunner.java:739)
at org.testng.TestRunner.run(TestRunner.java:614)
at org.testng.SuiteRunner.runTest(SuiteRunner.java:421)
at org.testng.SuiteRunner$SuiteWorker.run(SuiteRunner.java:463)
at org.testng.internal.thread.ThreadUtil.lambda$execute$0(ThreadUtil.java:64)
at java.base/java.util.concurrent.FutureTask.run(FutureTask.java:317)
at java.base/java.util.concurrent.ThreadPoolExecutor.runWorker(ThreadPoolExecutor.java:1144)
at java.base/java.util.concurrent.ThreadPoolExecutor$Worker.run(ThreadPoolExecutor.java:642)
at java.base/java.lang.Thread.run(Thread.java:1583)
]]>
    </error>
    <system-out>
      <![CDATA[Clicked successfully on element with XPath: //span[text()='Admin']
IOException occurred while saving the screenshot: C:\Users\ak200\OneDrive\Documents\workspace\SeleniumWDclickOnAdmin_20250817_153901.png (The system cannot find the path specified)
Clicked successfully on element with XPath: //button[contains(@class, 'oxd-button--secondary')]
IOException occurred while saving the screenshot: C:\Users\ak200\OneDrive\Documents\workspace\SeleniumWDclickOnAddButton_20250817_153902.png (The system cannot find the path specified)
Clicked successfully on element with XPath: //input[@placeholder='Type for hints...']//preceding::i[1]
IOException occurred while saving the screenshot: C:\Users\ak200\OneDrive\Documents\workspace\SeleniumWDselectUserRole_20250817_153903.png (The system cannot find the path specified)
Element not found with XPath: //div[@class='oxd-select-dropdown --position-bottom']//span[text()='Admin']
Entered value: a successfully into element with XPath: //input[@placeholder='Type for hints...']
IOException occurred while saving the screenshot: C:\Users\ak200\OneDrive\Documents\workspace\SeleniumWDselectEmployeeName_a_20250817_153903.png (The system cannot find the path specified)
Clicked successfully on element with XPath: //input[@placeholder='Type for hints...']//following::span[1]]]>
    </system-out>
  </testcase> <!-- verifyAddUserFunUnderAdmin -->
  <testcase classname="tests.AdminTest" name="verifySearchFunUnderAdmin" time="11.107">
    <error message="Expected condition failed: waiting for visibility of all elements located by By.xpath: //div[text()=&#039;Actions&#039;]//following::button[2] (tried for 10 second(s) with 500 milliseconds interval)
Build info: version: &#039;4.25.0&#039;, revision: &#039;8a8aea2337&#039;
System info: os.name: &#039;Windows 10&#039;, os.arch: &#039;amd64&#039;, os.version: &#039;10.0&#039;, java.version: &#039;21.0.7&#039;
Driver info: org.openqa.selenium.chrome.ChromeDriver
Capabilities {acceptInsecureCerts: false, browserName: chrome, browserVersion: 137.0.7151.120, chrome: {chromedriverVersion: 137.0.7151.119 (e0ac9d12dff..., userDataDir: C:\Users\kunal\AppData\Loca...}, fedcm:accounts: true, goog:chromeOptions: {debuggerAddress: localhost:53985}, networkConnectionEnabled: false, pageLoadStrategy: normal, platformName: windows, proxy: Proxy(), se:cdp: ws://localhost:53985/devtoo..., se:cdpVersion: 137.0.7151.120, setWindowRect: true, strictFileInteractability: false, timeouts: {implicit: 0, pageLoad: 300000, script: 30000}, unhandledPromptBehavior: dismiss and notify, webauthn:extension:credBlob: true, webauthn:extension:largeBlob: true, webauthn:extension:minPinLength: true, webauthn:extension:prf: true, webauthn:virtualAuthenticators: true}
Session ID: 957e46d825369aa3a9109a320f1541a3" type="org.openqa.selenium.TimeoutException">
      <![CDATA[org.openqa.selenium.TimeoutException: Expected condition failed: waiting for visibility of all elements located by By.xpath: //div[text()='Actions']//following::button[2] (tried for 10 second(s) with 500 milliseconds interval)
Build info: version: '4.25.0', revision: '8a8aea2337'
System info: os.name: 'Windows 10', os.arch: 'amd64', os.version: '10.0', java.version: '21.0.7'
Driver info: org.openqa.selenium.chrome.ChromeDriver
Capabilities {acceptInsecureCerts: false, browserName: chrome, browserVersion: 137.0.7151.120, chrome: {chromedriverVersion: 137.0.7151.119 (e0ac9d12dff..., userDataDir: C:\Users\kunal\AppData\Loca...}, fedcm:accounts: true, goog:chromeOptions: {debuggerAddress: localhost:53985}, networkConnectionEnabled: false, pageLoadStrategy: normal, platformName: windows, proxy: Proxy(), se:cdp: ws://localhost:53985/devtoo..., se:cdpVersion: 137.0.7151.120, setWindowRect: true, strictFileInteractability: false, timeouts: {implicit: 0, pageLoad: 300000, script: 30000}, unhandledPromptBehavior: dismiss and notify, webauthn:extension:credBlob: true, webauthn:extension:largeBlob: true, webauthn:extension:minPinLength: true, webauthn:extension:prf: true, webauthn:virtualAuthenticators: true}
Session ID: 957e46d825369aa3a9109a320f1541a3
at org.openqa.selenium.support.ui.WebDriverWait.timeoutException(WebDriverWait.java:84)
at org.openqa.selenium.support.ui.FluentWait.until(FluentWait.java:228)
at common.Sync.safeExplicitWait(Sync.java:41)
at pages.AdminPage.clickOnSearchButton(AdminPage.java:106)
at tests.AdminTest.verifySearchFunUnderAdmin(AdminTest.java:35)
at java.base/jdk.internal.reflect.DirectMethodHandleAccessor.invoke(DirectMethodHandleAccessor.java:103)
at java.base/java.lang.reflect.Method.invoke(Method.java:580)
at org.testng.internal.invokers.MethodInvocationHelper.invokeMethod(MethodInvocationHelper.java:141)
at org.testng.internal.invokers.TestInvoker.invokeMethod(TestInvoker.java:686)
at org.testng.internal.invokers.TestInvoker.invokeTestMethod(TestInvoker.java:230)
at org.testng.internal.invokers.MethodRunner.runInSequence(MethodRunner.java:63)
at org.testng.internal.invokers.TestInvoker$MethodInvocationAgent.invoke(TestInvoker.java:992)
at org.testng.internal.invokers.TestInvoker.invokeTestMethods(TestInvoker.java:203)
at org.testng.internal.invokers.TestMethodWorker.invokeTestMethods(TestMethodWorker.java:154)
at org.testng.internal.invokers.TestMethodWorker.run(TestMethodWorker.java:134)
at java.base/java.util.ArrayList.forEach(ArrayList.java:1596)
at org.testng.TestRunner.privateRun(TestRunner.java:739)
at org.testng.TestRunner.run(TestRunner.java:614)
at org.testng.SuiteRunner.runTest(SuiteRunner.java:421)
at org.testng.SuiteRunner$SuiteWorker.run(SuiteRunner.java:463)
at org.testng.internal.thread.ThreadUtil.lambda$execute$0(ThreadUtil.java:64)
at java.base/java.util.concurrent.FutureTask.run(FutureTask.java:317)
at java.base/java.util.concurrent.ThreadPoolExecutor.runWorker(ThreadPoolExecutor.java:1144)
at java.base/java.util.concurrent.ThreadPoolExecutor$Worker.run(ThreadPoolExecutor.java:642)
at java.base/java.lang.Thread.run(Thread.java:1583)
]]>
    </error>
    <system-out>
      <![CDATA[Entered value: Akash Patil successfully into element with XPath: //label[text()='Username']//following::input[1]
IOException occurred while saving the screenshot: C:\Users\ak200\OneDrive\Documents\workspace\SeleniumWDenterUsernameInSearchPanel_Akash Patil_20250817_153917.png (The system cannot find the path specified)
Clicked successfully on element with XPath: //label[text()='Username']//following::button[2]
IOException occurred while saving the screenshot: C:\Users\ak200\OneDrive\Documents\workspace\SeleniumWDclickOnSearchButton_20250817_153917.png (The system cannot find the path specified)]]>
    </system-out>
  </testcase> <!-- verifySearchFunUnderAdmin -->
  <testcase classname="tests.AdminTest" name="verifyUpdateFunUnderAdmin" time="12.884">
    <error message="Expected condition failed: waiting for visibility of all elements located by By.xpath: //label[text()=&#039;Password&#039;]//following::input[1] (tried for 10 second(s) with 500 milliseconds interval)
Build info: version: &#039;4.25.0&#039;, revision: &#039;8a8aea2337&#039;
System info: os.name: &#039;Windows 10&#039;, os.arch: &#039;amd64&#039;, os.version: &#039;10.0&#039;, java.version: &#039;21.0.7&#039;
Driver info: org.openqa.selenium.chrome.ChromeDriver
Capabilities {acceptInsecureCerts: false, browserName: chrome, browserVersion: 137.0.7151.120, chrome: {chromedriverVersion: 137.0.7151.119 (e0ac9d12dff..., userDataDir: C:\Users\kunal\AppData\Loca...}, fedcm:accounts: true, goog:chromeOptions: {debuggerAddress: localhost:53985}, networkConnectionEnabled: false, pageLoadStrategy: normal, platformName: windows, proxy: Proxy(), se:cdp: ws://localhost:53985/devtoo..., se:cdpVersion: 137.0.7151.120, setWindowRect: true, strictFileInteractability: false, timeouts: {implicit: 0, pageLoad: 300000, script: 30000}, unhandledPromptBehavior: dismiss and notify, webauthn:extension:credBlob: true, webauthn:extension:largeBlob: true, webauthn:extension:minPinLength: true, webauthn:extension:prf: true, webauthn:virtualAuthenticators: true}
Session ID: 957e46d825369aa3a9109a320f1541a3" type="org.openqa.selenium.TimeoutException">
      <![CDATA[org.openqa.selenium.TimeoutException: Expected condition failed: waiting for visibility of all elements located by By.xpath: //label[text()='Password']//following::input[1] (tried for 10 second(s) with 500 milliseconds interval)
Build info: version: '4.25.0', revision: '8a8aea2337'
System info: os.name: 'Windows 10', os.arch: 'amd64', os.version: '10.0', java.version: '21.0.7'
Driver info: org.openqa.selenium.chrome.ChromeDriver
Capabilities {acceptInsecureCerts: false, browserName: chrome, browserVersion: 137.0.7151.120, chrome: {chromedriverVersion: 137.0.7151.119 (e0ac9d12dff..., userDataDir: C:\Users\kunal\AppData\Loca...}, fedcm:accounts: true, goog:chromeOptions: {debuggerAddress: localhost:53985}, networkConnectionEnabled: false, pageLoadStrategy: normal, platformName: windows, proxy: Proxy(), se:cdp: ws://localhost:53985/devtoo..., se:cdpVersion: 137.0.7151.120, setWindowRect: true, strictFileInteractability: false, timeouts: {implicit: 0, pageLoad: 300000, script: 30000}, unhandledPromptBehavior: dismiss and notify, webauthn:extension:credBlob: true, webauthn:extension:largeBlob: true, webauthn:extension:minPinLength: true, webauthn:extension:prf: true, webauthn:virtualAuthenticators: true}
Session ID: 957e46d825369aa3a9109a320f1541a3
at org.openqa.selenium.support.ui.WebDriverWait.timeoutException(WebDriverWait.java:84)
at org.openqa.selenium.support.ui.FluentWait.until(FluentWait.java:228)
at common.Sync.safeExplicitWait(Sync.java:41)
at pages.AdminPage.clickOnBoxInUpdatePanel(AdminPage.java:118)
at tests.AdminTest.verifyUpdateFunUnderAdmin(AdminTest.java:45)
at java.base/jdk.internal.reflect.DirectMethodHandleAccessor.invoke(DirectMethodHandleAccessor.java:103)
at java.base/java.lang.reflect.Method.invoke(Method.java:580)
at org.testng.internal.invokers.MethodInvocationHelper.invokeMethod(MethodInvocationHelper.java:141)
at org.testng.internal.invokers.TestInvoker.invokeMethod(TestInvoker.java:686)
at org.testng.internal.invokers.TestInvoker.invokeTestMethod(TestInvoker.java:230)
at org.testng.internal.invokers.MethodRunner.runInSequence(MethodRunner.java:63)
at org.testng.internal.invokers.TestInvoker$MethodInvocationAgent.invoke(TestInvoker.java:992)
at org.testng.internal.invokers.TestInvoker.invokeTestMethods(TestInvoker.java:203)
at org.testng.internal.invokers.TestMethodWorker.invokeTestMethods(TestMethodWorker.java:154)
at org.testng.internal.invokers.TestMethodWorker.run(TestMethodWorker.java:134)
at java.base/java.util.ArrayList.forEach(ArrayList.java:1596)
at org.testng.TestRunner.privateRun(TestRunner.java:739)
at org.testng.TestRunner.run(TestRunner.java:614)
at org.testng.SuiteRunner.runTest(SuiteRunner.java:421)
at org.testng.SuiteRunner$SuiteWorker.run(SuiteRunner.java:463)
at org.testng.internal.thread.ThreadUtil.lambda$execute$0(ThreadUtil.java:64)
at java.base/java.util.concurrent.FutureTask.run(FutureTask.java:317)
at java.base/java.util.concurrent.ThreadPoolExecutor.runWorker(ThreadPoolExecutor.java:1144)
at java.base/java.util.concurrent.ThreadPoolExecutor$Worker.run(ThreadPoolExecutor.java:642)
at java.base/java.lang.Thread.run(Thread.java:1583)
]]>
    </error>
    <system-out>
      <![CDATA[Element not found with XPath: //div[text()='Actions']//following::button[2]
IOException occurred while saving the screenshot: C:\Users\ak200\OneDrive\Documents\workspace\SeleniumWDclickOnUpdateButton_20250817_153928.png (The system cannot find the path specified)
Clicked successfully on element with XPath: //label[text()='Username']//following::i[1]
IOException occurred while saving the screenshot: C:\Users\ak200\OneDrive\Documents\workspace\SeleniumWDclickOnBoxInUpdatePanel_20250817_153930.png (The system cannot find the path specified)]]>
    </system-out>
  </testcase> <!-- verifyUpdateFunUnderAdmin -->
  <testcase classname="tests.AdminTest" name="verifyDeleteFunUnderAdmin" time="10.408">
    <system-out>
      <![CDATA[Element not found with XPath: //div[text()='Akash Patil']//following::button[1]
IOException occurred while saving the screenshot: C:\Users\ak200\OneDrive\Documents\workspace\SeleniumWDclickOnDeleteButton_20250817_153941.png (The system cannot find the path specified)
Element not found with XPath: //button[text()=' Yes, Delete ']
IOException occurred while saving the screenshot: C:\Users\ak200\OneDrive\Documents\workspace\SeleniumWDclickOnConfirmDeleteButton_20250817_153941.png (The system cannot find the path specified)]]>
    </system-out>
  </testcase> <!-- verifyDeleteFunUnderAdmin -->
  <system-out>
    <![CDATA[Clicked successfully on element with XPath: //span[text()='Admin']
IOException occurred while saving the screenshot: C:\Users\ak200\OneDrive\Documents\workspace\SeleniumWDclickOnAdmin_20250817_153901.png (The system cannot find the path specified)
Clicked successfully on element with XPath: //button[contains(@class, 'oxd-button--secondary')]
IOException occurred while saving the screenshot: C:\Users\ak200\OneDrive\Documents\workspace\SeleniumWDclickOnAddButton_20250817_153902.png (The system cannot find the path specified)
Clicked successfully on element with XPath: //input[@placeholder='Type for hints...']//preceding::i[1]
IOException occurred while saving the screenshot: C:\Users\ak200\OneDrive\Documents\workspace\SeleniumWDselectUserRole_20250817_153903.png (The system cannot find the path specified)
Element not found with XPath: //div[@class='oxd-select-dropdown --position-bottom']//span[text()='Admin']
Entered value: a successfully into element with XPath: //input[@placeholder='Type for hints...']
IOException occurred while saving the screenshot: C:\Users\ak200\OneDrive\Documents\workspace\SeleniumWDselectEmployeeName_a_20250817_153903.png (The system cannot find the path specified)
Clicked successfully on element with XPath: //input[@placeholder='Type for hints...']//following::span[1]
Entered value: Akash Patil successfully into element with XPath: //label[text()='Username']//following::input[1]
IOException occurred while saving the screenshot: C:\Users\ak200\OneDrive\Documents\workspace\SeleniumWDenterUsernameInSearchPanel_Akash Patil_20250817_153917.png (The system cannot find the path specified)
Clicked successfully on element with XPath: //label[text()='Username']//following::button[2]
IOException occurred while saving the screenshot: C:\Users\ak200\OneDrive\Documents\workspace\SeleniumWDclickOnSearchButton_20250817_153917.png (The system cannot find the path specified)
Element not found with XPath: //div[text()='Actions']//following::button[2]
IOException occurred while saving the screenshot: C:\Users\ak200\OneDrive\Documents\workspace\SeleniumWDclickOnUpdateButton_20250817_153928.png (The system cannot find the path specified)
Clicked successfully on element with XPath: //label[text()='Username']//following::i[1]
IOException occurred while saving the screenshot: C:\Users\ak200\OneDrive\Documents\workspace\SeleniumWDclickOnBoxInUpdatePanel_20250817_153930.png (The system cannot find the path specified)
Element not found with XPath: //div[text()='Akash Patil']//following::button[1]
IOException occurred while saving the screenshot: C:\Users\ak200\OneDrive\Documents\workspace\SeleniumWDclickOnDeleteButton_20250817_153941.png (The system cannot find the path specified)
Element not found with XPath: //button[text()=' Yes, Delete ']
IOException occurred while saving the screenshot: C:\Users\ak200\OneDrive\Documents\workspace\SeleniumWDclickOnConfirmDeleteButton_20250817_153941.png (The system cannot find the path specified)]]>
  </system-out>
</testsuite> <!-- tests.AdminTest -->
